\BOOKMARK [1][-]{section.1}{Introduction}{}% 1
\BOOKMARK [1][-]{section.2}{Generalised Serre-Green-Naghdi Equations}{}% 2
\BOOKMARK [2][-]{subsection.2.1}{Dispersion Relation of Linearised gSGN}{section.2}% 3
\BOOKMARK [3][-]{subsubsection.2.1.1}{Wave Speed Bounds}{subsection.2.1}% 4
\BOOKMARK [2][-]{subsection.2.2}{Alternative Conservative Form of the gSGN}{section.2}% 5
\BOOKMARK [1][-]{section.3}{Numerical Method}{}% 6
\BOOKMARK [2][-]{subsection.3.1}{Overview}{section.3}% 7
\BOOKMARK [2][-]{subsection.3.2}{Differences}{section.3}% 8
\BOOKMARK [3][-]{subsubsection.3.2.1}{Reconstruction of u}{subsection.3.2}% 9
\BOOKMARK [3][-]{subsubsection.3.2.2}{Approximations for additional derivatives}{subsection.3.2}% 10
\BOOKMARK [3][-]{subsubsection.3.2.3}{Wave speed bounds}{subsection.3.2}% 11
\BOOKMARK [1][-]{section.4}{Validation}{}% 12
\BOOKMARK [2][-]{subsection.4.1}{Analytic Solutions}{section.4}% 13
\BOOKMARK [3][-]{subsubsection.4.1.1}{Serre Equations \(1=2 =0\) - Solitary Travelling Wave Solution}{subsection.4.1}% 14
\BOOKMARK [3][-]{subsubsection.4.1.2}{SWWE \( 1= -23 and \0402 =0 \) - Dam-break Solution }{subsection.4.1}% 15
\BOOKMARK [2][-]{subsection.4.2}{Forced Solutions}{section.4}% 16
\BOOKMARK [1][-]{section.5}{Smooth Dam-break Study}{}% 17
\BOOKMARK [2][-]{subsection.5.1}{Regularised SWWE Family \(2 = 23 + 1\)}{section.5}% 18
\BOOKMARK [2][-]{subsection.5.2}{The iSGN family \(2 = 1\)}{section.5}% 19
\BOOKMARK [2][-]{subsection.5.3}{SGN To SWWE Family 2 = 0 and -23 1 0}{section.5}% 20
\BOOKMARK [1][-]{section.6}{Conclusion}{}% 21
\BOOKMARK [1][-]{section.7}{References}{}% 22
